2014-03-24 20:59:27 [SERVER] [INFO] Starting integrated minecraft server version 1.6.4
2014-03-24 20:59:27 [SERVER] [INFO] Generating keypair
2014-03-24 20:59:28 [SERVER] [INFO] Converting map!
2014-03-24 20:59:28 [SERVER] [INFO] Scanning folders...
2014-03-24 20:59:28 [SERVER] [INFO] Total conversion count is 0
2014-03-24 20:59:28 [SERVER] [INFO] Preparing start region for level 0
2014-03-24 20:59:30 [SERVER] [INFO] Preparing spawn area: 4%
2014-03-24 20:59:31 [SERVER] [INFO] Preparing spawn area: 7%
2014-03-24 20:59:32 [SERVER] [INFO] Preparing spawn area: 13%
2014-03-24 20:59:33 [SERVER] [INFO] Preparing spawn area: 23%
2014-03-24 20:59:34 [SERVER] [INFO] Preparing spawn area: 35%
2014-03-24 20:59:35 [SERVER] [INFO] Preparing spawn area: 46%
2014-03-24 20:59:36 [SERVER] [INFO] Preparing spawn area: 57%
2014-03-24 20:59:37 [SERVER] [INFO] Preparing spawn area: 68%
2014-03-24 20:59:38 [SERVER] [INFO] Preparing spawn area: 81%
2014-03-24 20:59:39 [SERVER] [INFO] Preparing spawn area: 93%
2014-03-24 20:59:40 [SERVER] [INFO] Player860[/127.0.0.1:0] logged in with entity id 202 at (214.5, 71.0, 147.5)
2014-03-24 20:59:40 [SERVER] [INFO] Player860 joined the game
2014-03-24 20:59:45 [SERVER] [WARNING] Can't keep up! Did the system time change, or is the server overloaded?
2014-03-24 20:59:56 [SERVER] [INFO] Saving and pausing game...
2014-03-24 20:59:56 [SERVER] [INFO] Saving chunks for level 'Blocks Test'/Overworld
2014-03-24 20:59:57 [SERVER] [INFO] Saving chunks for level 'Blocks Test'/Nether
2014-03-24 20:59:57 [SERVER] [INFO] Saving chunks for level 'Blocks Test'/The End
2014-03-24 20:59:57 [SERVER] [INFO] Stopping server
2014-03-24 20:59:57 [SERVER] [INFO] Saving players
2014-03-24 20:59:57 [SERVER] [INFO] Player860 left the game
2014-03-24 20:59:57 [SERVER] [INFO] Saving worlds
2014-03-24 20:59:57 [SERVER] [INFO] Saving chunks for level 'Blocks Test'/Overworld
2014-03-24 20:59:57 [SERVER] [INFO] Saving chunks for level 'Blocks Test'/Nether
2014-03-24 20:59:57 [SERVER] [INFO] Saving chunks for level 'Blocks Test'/The End
2014-03-24 21:02:26 [SERVER] [INFO] Starting integrated minecraft server version 1.6.4
2014-03-24 21:02:26 [SERVER] [INFO] Generating keypair
2014-03-24 21:02:27 [SERVER] [INFO] Preparing start region for level 0
2014-03-24 21:02:28 [SERVER] [INFO] Preparing spawn area: 66%
2014-03-24 21:02:29 [SERVER] [INFO] Player468[/127.0.0.1:0] logged in with entity id 407 at (214.5, 71.0, 147.5)
2014-03-24 21:02:29 [SERVER] [INFO] Player468 joined the game
2014-03-24 21:02:31 [SERVER] [WARNING] Can't keep up! Did the system time change, or is the server overloaded?
2014-03-24 21:02:46 [SERVER] [INFO] Saving and pausing game...
2014-03-24 21:02:46 [SERVER] [INFO] Saving chunks for level 'Blocks Test'/Overworld
2014-03-24 21:02:46 [SERVER] [INFO] Saving chunks for level 'Blocks Test'/Nether
2014-03-24 21:02:46 [SERVER] [INFO] Saving chunks for level 'Blocks Test'/The End
2014-03-24 21:02:47 [SERVER] [INFO] Player468 lost connection: disconnect.quitting
2014-03-24 21:02:47 [SERVER] [INFO] Player468 left the game
2014-03-24 21:02:47 [SERVER] [INFO] Stopping singleplayer server as player logged out
2014-03-24 21:02:47 [SERVER] [INFO] Stopping server
2014-03-24 21:02:47 [SERVER] [INFO] Saving players
2014-03-24 21:02:47 [SERVER] [INFO] Saving worlds
2014-03-24 21:02:47 [SERVER] [INFO] Saving chunks for level 'Blocks Test'/Overworld
2014-03-24 21:02:47 [SERVER] [INFO] Saving chunks for level 'Blocks Test'/Nether
2014-03-24 21:02:47 [SERVER] [INFO] Saving chunks for level 'Blocks Test'/The End
2014-03-24 21:10:08 [SERVER] [INFO] Starting integrated minecraft server version 1.6.4
2014-03-24 21:10:08 [SERVER] [INFO] Generating keypair
2014-03-24 21:10:09 [SERVER] [INFO] Preparing start region for level 0
2014-03-24 21:10:10 [SERVER] [INFO] Preparing spawn area: 60%
2014-03-24 21:10:11 [SERVER] [INFO] Player582[/127.0.0.1:0] logged in with entity id 387 at (208.70199160178535, 74.0, 130.31300915694894)
2014-03-24 21:10:11 [SERVER] [INFO] Player582 joined the game
2014-03-24 21:10:15 [SERVER] [WARNING] Can't keep up! Did the system time change, or is the server overloaded?
2014-03-24 21:10:40 [SERVER] [INFO] Saving and pausing game...
2014-03-24 21:10:40 [SERVER] [INFO] Saving chunks for level 'Blocks Test'/Overworld
2014-03-24 21:10:41 [SERVER] [INFO] Saving chunks for level 'Blocks Test'/Nether
2014-03-24 21:10:41 [SERVER] [INFO] Saving chunks for level 'Blocks Test'/The End
2014-03-24 21:10:41 [SERVER] [INFO] Stopping server
2014-03-24 21:10:41 [SERVER] [INFO] Saving players
2014-03-24 21:10:41 [SERVER] [INFO] Player582 left the game
2014-03-24 21:10:41 [SERVER] [INFO] Saving worlds
2014-03-24 21:10:41 [SERVER] [INFO] Saving chunks for level 'Blocks Test'/Overworld
2014-03-24 21:10:41 [SERVER] [INFO] Saving chunks for level 'Blocks Test'/Nether
2014-03-24 21:10:41 [SERVER] [INFO] Saving chunks for level 'Blocks Test'/The End
2014-03-25 17:51:57 [SERVER] [INFO] Starting integrated minecraft server version 1.6.4
2014-03-25 17:51:57 [SERVER] [INFO] Generating keypair
2014-03-25 17:51:58 [SERVER] [INFO] Preparing start region for level 0
2014-03-25 17:51:59 [SERVER] [INFO] Preparing spawn area: 47%
2014-03-25 17:52:00 [SERVER] [INFO] Player983[/127.0.0.1:0] logged in with entity id 438 at (208.7402242404226, 75.0, 126.14259030304842)
2014-03-25 17:52:01 [SERVER] [INFO] Player983 joined the game
2014-03-25 17:52:02 [SERVER] [INFO] Saving and pausing game...
2014-03-25 17:52:02 [SERVER] [INFO] Saving chunks for level 'Blocks Test'/Overworld
2014-03-25 17:52:03 [SERVER] [INFO] Saving chunks for level 'Blocks Test'/Nether
2014-03-25 17:52:03 [SERVER] [INFO] Saving chunks for level 'Blocks Test'/The End
2014-03-25 17:52:03 [SERVER] [WARNING] Can't keep up! Did the system time change, or is the server overloaded?
2014-03-25 17:52:34 [SERVER] [INFO] Saving and pausing game...
2014-03-25 17:52:34 [SERVER] [INFO] Saving chunks for level 'Blocks Test'/Overworld
2014-03-25 17:52:34 [SERVER] [INFO] Saving chunks for level 'Blocks Test'/Nether
2014-03-25 17:52:34 [SERVER] [INFO] Saving chunks for level 'Blocks Test'/The End
2014-03-25 17:52:35 [SERVER] [INFO] Stopping server
2014-03-25 17:52:35 [SERVER] [INFO] Saving players
2014-03-25 17:52:35 [SERVER] [INFO] Player983 left the game
2014-03-25 17:52:35 [SERVER] [INFO] Saving worlds
2014-03-25 17:52:35 [SERVER] [INFO] Saving chunks for level 'Blocks Test'/Overworld
2014-03-25 17:52:35 [SERVER] [INFO] Saving chunks for level 'Blocks Test'/Nether
2014-03-25 17:52:35 [SERVER] [INFO] Saving chunks for level 'Blocks Test'/The End
2014-03-26 17:56:59 [SERVER] [INFO] Starting integrated minecraft server version 1.6.4
2014-03-26 17:56:59 [SERVER] [INFO] Generating keypair
2014-03-26 17:57:00 [SERVER] [INFO] Converting map!
2014-03-26 17:57:00 [SERVER] [INFO] Scanning folders...
2014-03-26 17:57:00 [SERVER] [INFO] Total conversion count is 0
2014-03-26 17:57:00 [SERVER] [INFO] Preparing start region for level 0
2014-03-26 17:57:01 [SERVER] [INFO] Preparing spawn area: 5%
2014-03-26 17:57:02 [SERVER] [INFO] Preparing spawn area: 9%
2014-03-26 17:57:04 [SERVER] [INFO] Preparing spawn area: 15%
2014-03-26 17:57:05 [SERVER] [INFO] Preparing spawn area: 28%
2014-03-26 17:57:06 [SERVER] [INFO] Preparing spawn area: 43%
2014-03-26 17:57:07 [SERVER] [INFO] Preparing spawn area: 56%
2014-03-26 17:57:08 [SERVER] [INFO] Preparing spawn area: 68%
2014-03-26 17:57:09 [SERVER] [INFO] Preparing spawn area: 80%
2014-03-26 17:57:10 [SERVER] [INFO] Preparing spawn area: 94%
2014-03-26 17:57:10 [SERVER] [INFO] Player566[/127.0.0.1:0] logged in with entity id 317 at (180.5, 72.0, 247.5)
2014-03-26 17:57:10 [SERVER] [INFO] Player566 joined the game
2014-03-26 17:57:12 [SERVER] [INFO] Saving and pausing game...
2014-03-26 17:57:12 [SERVER] [INFO] Saving chunks for level 'Muddy Forest'/Overworld
2014-03-26 17:57:32 [SERVER] [INFO] Saving chunks for level 'Muddy Forest'/Nether
2014-03-26 17:57:32 [SERVER] [INFO] Saving chunks for level 'Muddy Forest'/The End
2014-03-26 17:57:37 [SERVER] [WARNING] Can't keep up! Did the system time change, or is the server overloaded?
2014-03-26 17:57:41 [SERVER] [WARNING] Can't keep up! Did the system time change, or is the server overloaded?
2014-03-26 17:57:49 [SERVER] [INFO] Saving and pausing game...
2014-03-26 17:57:49 [SERVER] [INFO] Saving chunks for level 'Muddy Forest'/Overworld
2014-03-26 17:57:53 [SERVER] [INFO] Saving chunks for level 'Muddy Forest'/Nether
2014-03-26 17:57:53 [SERVER] [INFO] Saving chunks for level 'Muddy Forest'/The End
2014-03-26 17:57:53 [SERVER] [INFO] Stopping server
2014-03-26 17:57:53 [SERVER] [INFO] Saving players
2014-03-26 17:57:53 [SERVER] [INFO] Player566 left the game
2014-03-26 17:57:53 [SERVER] [INFO] Saving worlds
2014-03-26 17:57:53 [SERVER] [INFO] Saving chunks for level 'Muddy Forest'/Overworld
2014-03-26 17:57:53 [SERVER] [INFO] Saving chunks for level 'Muddy Forest'/Nether
2014-03-26 17:57:53 [SERVER] [INFO] Saving chunks for level 'Muddy Forest'/The End
2014-03-26 17:58:52 [SERVER] [INFO] Starting integrated minecraft server version 1.6.4
2014-03-26 17:58:52 [SERVER] [INFO] Generating keypair
2014-03-26 17:58:52 [SERVER] [INFO] Converting map!
2014-03-26 17:58:52 [SERVER] [INFO] Scanning folders...
2014-03-26 17:58:52 [SERVER] [INFO] Total conversion count is 0
2014-03-26 17:58:53 [SERVER] [INFO] Preparing start region for level 0
2014-03-26 17:58:54 [SERVER] [INFO] Preparing spawn area: 6%
2014-03-26 17:58:55 [SERVER] [INFO] Preparing spawn area: 8%
2014-03-26 17:58:56 [SERVER] [INFO] Preparing spawn area: 18%
2014-03-26 17:58:57 [SERVER] [INFO] Preparing spawn area: 27%
2014-03-26 17:58:58 [SERVER] [INFO] Preparing spawn area: 37%
2014-03-26 17:58:59 [SERVER] [INFO] Preparing spawn area: 49%
2014-03-26 17:59:00 [SERVER] [INFO] Preparing spawn area: 61%
2014-03-26 17:59:01 [SERVER] [INFO] Preparing spawn area: 75%
2014-03-26 17:59:02 [SERVER] [INFO] Preparing spawn area: 89%
2014-03-26 17:59:02 [SERVER] [INFO] Player981[/127.0.0.1:0] logged in with entity id 245 at (100.5, 77.0, -136.5)
2014-03-26 17:59:02 [SERVER] [INFO] Player981 joined the game
2014-03-26 17:59:04 [SERVER] [INFO] Saving and pausing game...
2014-03-26 17:59:04 [SERVER] [INFO] Saving chunks for level 'Muddy Forest'/Overworld
2014-03-26 17:59:23 [SERVER] [INFO] Saving chunks for level 'Muddy Forest'/Nether
2014-03-26 17:59:23 [SERVER] [INFO] Saving chunks for level 'Muddy Forest'/The End
2014-03-26 17:59:27 [SERVER] [WARNING] Can't keep up! Did the system time change, or is the server overloaded?
2014-03-26 17:59:30 [SERVER] [WARNING] Can't keep up! Did the system time change, or is the server overloaded?
2014-03-26 18:00:08 [SERVER] [INFO] Saving and pausing game...
2014-03-26 18:00:08 [SERVER] [INFO] Saving chunks for level 'Muddy Forest'/Overworld
2014-03-26 18:00:08 [SERVER] [INFO] Saving chunks for level 'Muddy Forest'/Nether
2014-03-26 18:00:08 [SERVER] [INFO] Saving chunks for level 'Muddy Forest'/The End
2014-03-26 18:00:09 [SERVER] [INFO] Stopping server
2014-03-26 18:00:09 [SERVER] [INFO] Saving players
2014-03-26 18:00:09 [SERVER] [INFO] Player981 left the game
2014-03-26 18:00:09 [SERVER] [INFO] Saving worlds
2014-03-26 18:00:09 [SERVER] [INFO] Saving chunks for level 'Muddy Forest'/Overworld
2014-03-26 18:00:09 [SERVER] [INFO] Saving chunks for level 'Muddy Forest'/Nether
2014-03-26 18:00:09 [SERVER] [INFO] Saving chunks for level 'Muddy Forest'/The End
2014-03-28 16:16:25 [SERVER] [INFO] Starting integrated minecraft server version 1.6.4
2014-03-28 16:16:25 [SERVER] [INFO] Generating keypair
2014-03-28 16:16:26 [SERVER] [INFO] Preparing start region for level 0
2014-03-28 16:16:27 [SERVER] [INFO] Preparing spawn area: 35%
2014-03-28 16:16:28 [SERVER] [INFO] Preparing spawn area: 91%
2014-03-28 16:16:28 [SERVER] [INFO] Player743[/127.0.0.1:0] logged in with entity id 383 at (21.427662596376813, 108.78431912689187, -123.3491990805889)
2014-03-28 16:16:28 [SERVER] [INFO] Player743 joined the game
2014-03-28 16:18:17 [SERVER] [INFO] Saving and pausing game...
2014-03-28 16:18:17 [SERVER] [INFO] Saving chunks for level 'Muddy Forest'/Overworld
2014-03-28 16:18:17 [SERVER] [INFO] Saving chunks for level 'Muddy Forest'/Nether
2014-03-28 16:18:17 [SERVER] [INFO] Saving chunks for level 'Muddy Forest'/The End
2014-03-28 16:18:19 [SERVER] [INFO] Stopping server
2014-03-28 16:18:19 [SERVER] [INFO] Saving players
2014-03-28 16:18:19 [SERVER] [INFO] Player743 left the game
2014-03-28 16:18:19 [SERVER] [INFO] Saving worlds
2014-03-28 16:18:19 [SERVER] [INFO] Saving chunks for level 'Muddy Forest'/Overworld
2014-03-28 16:18:19 [SERVER] [INFO] Saving chunks for level 'Muddy Forest'/Nether
2014-03-28 16:18:19 [SERVER] [INFO] Saving chunks for level 'Muddy Forest'/The End
2014-03-28 16:35:48 [SERVER] [INFO] Starting integrated minecraft server version 1.6.4
2014-03-28 16:35:48 [SERVER] [INFO] Generating keypair
2014-03-28 16:35:49 [SERVER] [INFO] Preparing start region for level 0
2014-03-28 16:35:50 [SERVER] [INFO] Preparing spawn area: 27%
2014-03-28 16:35:51 [SERVER] [INFO] Player602[/127.0.0.1:0] logged in with entity id 405 at (39.840792820171785, 80.66033917605174, -99.6274515976284)
2014-03-28 16:35:51 [SERVER] [INFO] Player602 joined the game
2014-03-28 16:35:54 [SERVER] [WARNING] Can't keep up! Did the system time change, or is the server overloaded?
2014-03-28 16:36:34 [SERVER] [INFO] Saving and pausing game...
2014-03-28 16:36:34 [SERVER] [INFO] Saving chunks for level 'Muddy Forest'/Overworld
2014-03-28 16:36:34 [SERVER] [INFO] Saving chunks for level 'Muddy Forest'/Nether
2014-03-28 16:36:34 [SERVER] [INFO] Saving chunks for level 'Muddy Forest'/The End
2014-03-28 16:36:34 [SERVER] [INFO] Stopping server
2014-03-28 16:36:34 [SERVER] [INFO] Saving players
2014-03-28 16:36:34 [SERVER] [INFO] Player602 left the game
2014-03-28 16:36:34 [SERVER] [INFO] Saving worlds
2014-03-28 16:36:34 [SERVER] [INFO] Saving chunks for level 'Muddy Forest'/Overworld
2014-03-28 16:36:34 [SERVER] [INFO] Saving chunks for level 'Muddy Forest'/Nether
2014-03-28 16:36:34 [SERVER] [INFO] Saving chunks for level 'Muddy Forest'/The End
2014-03-29 13:05:22 [SERVER] [INFO] Starting integrated minecraft server version 1.6.4
2014-03-29 13:05:22 [SERVER] [INFO] Generating keypair
2014-03-29 13:05:23 [SERVER] [INFO] Preparing start region for level 0
2014-03-29 13:05:24 [SERVER] [INFO] Preparing spawn area: 68%
2014-03-29 13:05:25 [SERVER] [INFO] Player683[/127.0.0.1:0] logged in with entity id 409 at (35.68030740364098, 81.40026148005174, -95.42366268674087)
2014-03-29 13:05:25 [SERVER] [INFO] Player683 joined the game
2014-03-29 13:05:27 [SERVER] [WARNING] Can't keep up! Did the system time change, or is the server overloaded?
2014-03-29 13:05:27 [SERVER] [INFO] Saving and pausing game...
2014-03-29 13:05:27 [SERVER] [INFO] Saving chunks for level 'Muddy Forest'/Overworld
2014-03-29 13:05:28 [SERVER] [INFO] Saving chunks for level 'Muddy Forest'/Nether
2014-03-29 13:05:28 [SERVER] [INFO] Saving chunks for level 'Muddy Forest'/The End
2014-03-29 13:05:41 [SERVER] [INFO] Saving and pausing game...
2014-03-29 13:05:41 [SERVER] [INFO] Saving chunks for level 'Muddy Forest'/Overworld
2014-03-29 13:05:41 [SERVER] [INFO] Saving chunks for level 'Muddy Forest'/Nether
2014-03-29 13:05:41 [SERVER] [INFO] Saving chunks for level 'Muddy Forest'/The End
2014-03-29 13:05:54 [SERVER] [INFO] Saving and pausing game...
2014-03-29 13:05:54 [SERVER] [INFO] Saving chunks for level 'Muddy Forest'/Overworld
2014-03-29 13:05:54 [SERVER] [INFO] Saving chunks for level 'Muddy Forest'/Nether
2014-03-29 13:05:54 [SERVER] [INFO] Saving chunks for level 'Muddy Forest'/The End
2014-03-29 13:05:55 [SERVER] [INFO] Stopping server
2014-03-29 13:05:55 [SERVER] [INFO] Saving players
2014-03-29 13:05:55 [SERVER] [INFO] Player683 left the game
2014-03-29 13:05:55 [SERVER] [INFO] Saving worlds
2014-03-29 13:05:55 [SERVER] [INFO] Saving chunks for level 'Muddy Forest'/Overworld
2014-03-29 13:05:55 [SERVER] [INFO] Saving chunks for level 'Muddy Forest'/Nether
2014-03-29 13:05:55 [SERVER] [INFO] Saving chunks for level 'Muddy Forest'/The End
2014-03-29 13:07:36 [SERVER] [INFO] Starting integrated minecraft server version 1.6.4
2014-03-29 13:07:36 [SERVER] [INFO] Generating keypair
2014-03-29 13:07:36 [SERVER] [INFO] Preparing start region for level 0
2014-03-29 13:07:37 [SERVER] [INFO] Preparing spawn area: 35%
2014-03-29 13:07:39 [SERVER] [INFO] Player987[/127.0.0.1:0] logged in with entity id 408 at (33.652442073407386, 76.35614553776796, -90.7403591072506)
2014-03-29 13:07:39 [SERVER] [INFO] Player987 joined the game
2014-03-29 13:07:42 [SERVER] [WARNING] Can't keep up! Did the system time change, or is the server overloaded?
2014-03-29 13:09:47 [SERVER] [INFO] Saving and pausing game...
2014-03-29 13:09:47 [SERVER] [INFO] Saving chunks for level 'Muddy Forest'/Overworld
2014-03-29 13:09:47 [SERVER] [INFO] Saving chunks for level 'Muddy Forest'/Nether
2014-03-29 13:09:47 [SERVER] [INFO] Saving chunks for level 'Muddy Forest'/The End
2014-03-29 13:09:48 [SERVER] [INFO] Stopping server
2014-03-29 13:09:48 [SERVER] [INFO] Saving players
2014-03-29 13:09:48 [SERVER] [INFO] Player987 left the game
2014-03-29 13:09:48 [SERVER] [INFO] Saving worlds
2014-03-29 13:09:48 [SERVER] [INFO] Saving chunks for level 'Muddy Forest'/Overworld
2014-03-29 13:09:48 [SERVER] [INFO] Saving chunks for level 'Muddy Forest'/Nether
2014-03-29 13:09:48 [SERVER] [INFO] Saving chunks for level 'Muddy Forest'/The End
2014-03-29 13:33:05 [SERVER] [INFO] Starting integrated minecraft server version 1.6.4
2014-03-29 13:33:05 [SERVER] [INFO] Generating keypair
2014-03-29 13:33:05 [SERVER] [INFO] Converting map!
2014-03-29 13:33:05 [SERVER] [INFO] Scanning folders...
2014-03-29 13:33:05 [SERVER] [INFO] Total conversion count is 0
2014-03-29 13:33:06 [SERVER] [INFO] Preparing start region for level 0
2014-03-29 13:33:07 [SERVER] [INFO] Preparing spawn area: 6%
2014-03-29 13:33:08 [SERVER] [INFO] Preparing spawn area: 14%
2014-03-29 13:33:09 [SERVER] [INFO] Preparing spawn area: 25%
2014-03-29 13:33:10 [SERVER] [INFO] Preparing spawn area: 36%
2014-03-29 13:33:11 [SERVER] [INFO] Preparing spawn area: 50%
2014-03-29 13:33:12 [SERVER] [INFO] Preparing spawn area: 63%
2014-03-29 13:33:13 [SERVER] [INFO] Preparing spawn area: 77%
2014-03-29 13:33:14 [SERVER] [INFO] Preparing spawn area: 91%
2014-03-29 13:33:15 [SERVER] [INFO] Player158[/127.0.0.1:0] logged in with entity id 346 at (-234.5, 64.0, 274.5)
2014-03-29 13:33:15 [SERVER] [INFO] Player158 joined the game
2014-03-29 13:33:19 [SERVER] [WARNING] Can't keep up! Did the system time change, or is the server overloaded?
2014-03-29 13:36:12 [SERVER] [INFO] Saving and pausing game...
2014-03-29 13:36:12 [SERVER] [INFO] Saving chunks for level 'Giant Forest'/Overworld
2014-03-29 13:36:12 [SERVER] [INFO] Saving chunks for level 'Giant Forest'/Nether
2014-03-29 13:36:12 [SERVER] [INFO] Saving chunks for level 'Giant Forest'/The End
2014-03-29 13:36:12 [SERVER] [INFO] Stopping server
2014-03-29 13:36:12 [SERVER] [INFO] Saving players
2014-03-29 13:36:12 [SERVER] [INFO] Player158 left the game
2014-03-29 13:36:12 [SERVER] [INFO] Saving worlds
2014-03-29 13:36:12 [SERVER] [INFO] Saving chunks for level 'Giant Forest'/Overworld
2014-03-29 13:36:12 [SERVER] [INFO] Saving chunks for level 'Giant Forest'/Nether
2014-03-29 13:36:12 [SERVER] [INFO] Saving chunks for level 'Giant Forest'/The End
2014-03-29 13:37:24 [SERVER] [INFO] Starting integrated minecraft server version 1.6.4
2014-03-29 13:37:24 [SERVER] [INFO] Generating keypair
2014-03-29 13:37:25 [SERVER] [INFO] Converting map!
2014-03-29 13:37:25 [SERVER] [INFO] Scanning folders...
2014-03-29 13:37:25 [SERVER] [INFO] Total conversion count is 0
2014-03-29 13:37:25 [SERVER] [INFO] Preparing start region for level 0
2014-03-29 13:37:26 [SERVER] [INFO] Preparing spawn area: 6%
2014-03-29 13:37:27 [SERVER] [INFO] Preparing spawn area: 12%
2014-03-29 13:37:28 [SERVER] [INFO] Preparing spawn area: 21%
2014-03-29 13:37:29 [SERVER] [INFO] Preparing spawn area: 32%
2014-03-29 13:37:30 [SERVER] [INFO] Preparing spawn area: 43%
2014-03-29 13:37:31 [SERVER] [INFO] Preparing spawn area: 51%
2014-03-29 13:37:32 [SERVER] [INFO] Preparing spawn area: 60%
2014-03-29 13:37:33 [SERVER] [INFO] Preparing spawn area: 68%
2014-03-29 13:37:34 [SERVER] [INFO] Preparing spawn area: 77%
2014-03-29 13:37:35 [SERVER] [INFO] Preparing spawn area: 87%
2014-03-29 13:37:36 [SERVER] [INFO] Preparing spawn area: 97%
2014-03-29 13:37:37 [SERVER] [INFO] Player748[/127.0.0.1:0] logged in with entity id 203 at (197.5, 74.0, 224.5)
2014-03-29 13:37:37 [SERVER] [INFO] Player748 joined the game
2014-03-29 13:37:43 [SERVER] [WARNING] Can't keep up! Did the system time change, or is the server overloaded?
2014-03-29 13:39:52 [SERVER] [INFO] [Player748: Given Speed (ID 1) * 200 to Player748 for 200 seconds]
2014-03-29 13:39:56 [SERVER] [WARNING] Can't keep up! Did the system time change, or is the server overloaded?
2014-03-29 13:40:28 [SERVER] [WARNING] Can't keep up! Did the system time change, or is the server overloaded?
2014-03-29 13:44:17 [SERVER] [INFO] [Player748: Given Speed (ID 1) * 200 to Player748 for 200 seconds]
2014-03-29 13:45:42 [SERVER] [WARNING] Can't keep up! Did the system time change, or is the server overloaded?
2014-03-29 13:46:17 [SERVER] [INFO] Saving and pausing game...
2014-03-29 13:46:17 [SERVER] [INFO] Saving chunks for level 'Giant Forest'/Overworld
2014-03-29 13:46:18 [SERVER] [INFO] Saving chunks for level 'Giant Forest'/Nether
2014-03-29 13:46:18 [SERVER] [INFO] Saving chunks for level 'Giant Forest'/The End
2014-03-29 13:46:18 [SERVER] [INFO] Player748 lost connection: disconnect.quitting
2014-03-29 13:46:18 [SERVER] [INFO] Player748 left the game
2014-03-29 13:46:18 [SERVER] [INFO] Stopping singleplayer server as player logged out
2014-03-29 13:46:18 [SERVER] [INFO] Stopping server
2014-03-29 13:46:18 [SERVER] [INFO] Saving players
2014-03-29 13:46:18 [SERVER] [INFO] Saving worlds
2014-03-29 13:46:18 [SERVER] [INFO] Saving chunks for level 'Giant Forest'/Overworld
2014-03-29 13:46:18 [SERVER] [INFO] Saving chunks for level 'Giant Forest'/Nether
2014-03-29 13:46:18 [SERVER] [INFO] Saving chunks for level 'Giant Forest'/The End
2014-03-29 13:47:41 [SERVER] [INFO] Starting integrated minecraft server version 1.6.4
2014-03-29 13:47:41 [SERVER] [INFO] Generating keypair
2014-03-29 13:47:42 [SERVER] [INFO] Converting map!
2014-03-29 13:47:42 [SERVER] [INFO] Scanning folders...
2014-03-29 13:47:42 [SERVER] [INFO] Total conversion count is 0
2014-03-29 13:47:42 [SERVER] [INFO] Preparing start region for level 0
2014-03-29 13:47:44 [SERVER] [INFO] Preparing spawn area: 6%
2014-03-29 13:47:45 [SERVER] [INFO] Preparing spawn area: 10%
2014-03-29 13:47:46 [SERVER] [INFO] Preparing spawn area: 17%
2014-03-29 13:47:47 [SERVER] [INFO] Preparing spawn area: 26%
2014-03-29 13:47:48 [SERVER] [INFO] Preparing spawn area: 36%
2014-03-29 13:47:49 [SERVER] [INFO] Preparing spawn area: 51%
2014-03-29 13:47:50 [SERVER] [INFO] Preparing spawn area: 64%
2014-03-29 13:47:51 [SERVER] [INFO] Preparing spawn area: 79%
2014-03-29 13:47:52 [SERVER] [INFO] Preparing spawn area: 98%
2014-03-29 13:47:52 [SERVER] [INFO] Player762[/127.0.0.1:0] logged in with entity id 275 at (150.5, 63.0, 261.5)
2014-03-29 13:47:52 [SERVER] [INFO] Player762 joined the game
2014-03-29 13:47:56 [SERVER] [WARNING] Can't keep up! Did the system time change, or is the server overloaded?
2014-03-29 13:48:51 [SERVER] [INFO] [Player762: Given Speed (ID 1) * 200 to Player762 for 200 seconds]
2014-03-29 13:50:35 [SERVER] [WARNING] Can't keep up! Did the system time change, or is the server overloaded?
2014-03-29 13:50:52 [SERVER] [WARNING] Can't keep up! Did the system time change, or is the server overloaded?
2014-03-29 13:51:27 [SERVER] [WARNING] Can't keep up! Did the system time change, or is the server overloaded?
2014-03-29 13:51:36 [SERVER] [WARNING] Can't keep up! Did the system time change, or is the server overloaded?
2014-03-29 13:52:20 [SERVER] [INFO] [Player762: Given Speed (ID 1) * 200 to Player762 for 200 seconds]
2014-03-29 13:52:45 [SERVER] [INFO] Saving and pausing game...
2014-03-29 13:52:45 [SERVER] [INFO] Saving chunks for level 'Giant Forest'/Overworld
2014-03-29 13:52:46 [SERVER] [INFO] Saving chunks for level 'Giant Forest'/Nether
2014-03-29 13:52:46 [SERVER] [INFO] Saving chunks for level 'Giant Forest'/The End
2014-03-29 13:52:46 [SERVER] [INFO] Stopping server
2014-03-29 13:52:46 [SERVER] [INFO] Saving players
2014-03-29 13:52:46 [SERVER] [INFO] Player762 left the game
2014-03-29 13:52:46 [SERVER] [INFO] Saving worlds
2014-03-29 13:52:46 [SERVER] [INFO] Saving chunks for level 'Giant Forest'/Overworld
2014-03-29 13:52:46 [SERVER] [INFO] Saving chunks for level 'Giant Forest'/Nether
2014-03-29 13:52:46 [SERVER] [INFO] Saving chunks for level 'Giant Forest'/The End
2014-03-29 13:56:03 [SERVER] [INFO] Starting integrated minecraft server version 1.6.4
2014-03-29 13:56:03 [SERVER] [INFO] Generating keypair
2014-03-29 13:56:03 [SERVER] [INFO] Converting map!
2014-03-29 13:56:03 [SERVER] [INFO] Scanning folders...
2014-03-29 13:56:03 [SERVER] [INFO] Total conversion count is 0
2014-03-29 13:56:03 [SERVER] [INFO] Preparing start region for level 0
2014-03-29 13:56:04 [SERVER] [INFO] Preparing spawn area: 4%
2014-03-29 13:56:05 [SERVER] [INFO] Preparing spawn area: 8%
2014-03-29 13:56:06 [SERVER] [INFO] Preparing spawn area: 17%
2014-03-29 13:56:07 [SERVER] [INFO] Preparing spawn area: 30%
2014-03-29 13:56:08 [SERVER] [INFO] Preparing spawn area: 41%
2014-03-29 13:56:09 [SERVER] [INFO] Preparing spawn area: 52%
2014-03-29 13:56:10 [SERVER] [INFO] Preparing spawn area: 65%
2014-03-29 13:56:11 [SERVER] [INFO] Preparing spawn area: 78%
2014-03-29 13:56:12 [SERVER] [INFO] Preparing spawn area: 93%
2014-03-29 13:56:13 [SERVER] [INFO] Player841[/127.0.0.1:0] logged in with entity id 220 at (-12.5, 64.0, 262.5)
2014-03-29 13:56:13 [SERVER] [INFO] Player841 joined the game
2014-03-29 13:56:18 [SERVER] [WARNING] Can't keep up! Did the system time change, or is the server overloaded?
2014-03-29 13:57:23 [SERVER] [INFO] [Player841: Teleported Player841 to -166.9503317076622,107.0,481.7516947842312]
2014-03-29 13:57:27 [SERVER] [INFO] [Player841: Teleported Player841 to -166.9503317076622,68.0,483.7516947842312]
2014-03-29 13:57:27 [SERVER] [INFO] [Player841: Teleported Player841 to -166.9503317076622,68.0,485.7516947842312]
2014-03-29 13:57:28 [SERVER] [INFO] [Player841: Teleported Player841 to -167.35102046617214,68.0,487.7516947842312]
2014-03-29 13:57:43 [SERVER] [INFO] [Player841: Teleported Player841 to -167.35102046617214,108.87805220768371,489.7516947842312]
2014-03-29 13:57:44 [SERVER] [INFO] [Player841: Teleported Player841 to -167.35102046617214,108.87805220768371,491.7516947842312]
2014-03-29 13:57:44 [SERVER] [INFO] [Player841: Teleported Player841 to -167.35102046617214,108.87805220768371,493.7516947842312]
2014-03-29 13:57:44 [SERVER] [INFO] [Player841: Teleported Player841 to -167.35102046617214,108.87805220768371,495.7516947842312]
2014-03-29 13:57:45 [SERVER] [INFO] [Player841: Teleported Player841 to -167.35102046617214,108.87805220768371,497.7516947842312]
2014-03-29 13:57:45 [SERVER] [INFO] [Player841: Teleported Player841 to -167.35102046617214,108.87805220768371,499.7516947842312]
2014-03-29 13:57:45 [SERVER] [INFO] [Player841: Teleported Player841 to -167.35102046617214,108.87805220768371,501.7516947842312]
2014-03-29 13:57:45 [SERVER] [INFO] [Player841: Teleported Player841 to -167.35102046617214,108.87805220768371,503.7516947842312]
2014-03-29 13:57:46 [SERVER] [INFO] [Player841: Teleported Player841 to -167.35102046617214,108.87805220768371,505.7516947842312]
2014-03-29 13:57:46 [SERVER] [INFO] [Player841: Teleported Player841 to -167.35102046617214,108.87805220768371,507.7516947842312]
2014-03-29 13:57:46 [SERVER] [INFO] [Player841: Teleported Player841 to -167.35102046617214,108.87805220768371,509.7516947842312]
2014-03-29 13:57:51 [SERVER] [INFO] [Player841: Teleported Player841 to -167.35102046617214,108.87805220768371,529.7516947842312]
2014-03-29 13:57:52 [SERVER] [INFO] [Player841: Teleported Player841 to -167.35102046617214,108.87805220768371,549.7516947842312]
2014-03-29 13:57:52 [SERVER] [INFO] [Player841: Teleported Player841 to -167.35102046617214,108.87805220768371,569.7516947842312]
2014-03-29 13:57:53 [SERVER] [INFO] [Player841: Teleported Player841 to -167.35102046617214,108.87805220768371,589.7516947842312]
2014-03-29 13:57:53 [SERVER] [INFO] [Player841: Teleported Player841 to -167.35102046617214,108.87805220768371,609.7516947842312]
2014-03-29 13:57:54 [SERVER] [INFO] [Player841: Teleported Player841 to -167.35102046617214,108.87805220768371,629.7516947842312]
2014-03-29 13:57:54 [SERVER] [INFO] [Player841: Teleported Player841 to -167.35102046617214,108.87805220768371,649.7516947842312]
2014-03-29 13:57:54 [SERVER] [INFO] [Player841: Teleported Player841 to -167.35102046617214,108.87805220768371,669.7516947842312]
2014-03-29 13:57:55 [SERVER] [INFO] [Player841: Teleported Player841 to -167.35102046617214,108.87805220768371,689.7516947842312]
2014-03-29 13:57:56 [SERVER] [INFO] [Player841: Teleported Player841 to -167.35102046617214,108.87805220768371,709.7516947842312]
2014-03-29 13:57:57 [SERVER] [WARNING] Can't keep up! Did the system time change, or is the server overloaded?
2014-03-29 13:58:03 [SERVER] [INFO] Saving and pausing game...
2014-03-29 13:58:03 [SERVER] [INFO] Saving chunks for level 'Giant Forest'/Overworld
2014-03-29 13:58:03 [SERVER] [INFO] Saving chunks for level 'Giant Forest'/Nether
2014-03-29 13:58:03 [SERVER] [INFO] Saving chunks for level 'Giant Forest'/The End
2014-03-29 13:59:59 [SERVER] [INFO] Saving and pausing game...
2014-03-29 13:59:59 [SERVER] [INFO] Saving chunks for level 'Giant Forest'/Overworld
2014-03-29 13:59:59 [SERVER] [INFO] Saving chunks for level 'Giant Forest'/Nether
2014-03-29 13:59:59 [SERVER] [INFO] Saving chunks for level 'Giant Forest'/The End
2014-03-29 14:00:01 [SERVER] [INFO] Stopping server
2014-03-29 14:00:01 [SERVER] [INFO] Saving players
2014-03-29 14:00:01 [SERVER] [INFO] Player841 left the game
2014-03-29 14:00:01 [SERVER] [INFO] Saving worlds
2014-03-29 14:00:01 [SERVER] [INFO] Saving chunks for level 'Giant Forest'/Overworld
2014-03-29 14:00:01 [SERVER] [INFO] Saving chunks for level 'Giant Forest'/Nether
2014-03-29 14:00:01 [SERVER] [INFO] Saving chunks for level 'Giant Forest'/The End
2014-03-29 14:02:24 [SERVER] [INFO] Starting integrated minecraft server version 1.6.4
2014-03-29 14:02:24 [SERVER] [INFO] Generating keypair
2014-03-29 14:02:24 [SERVER] [INFO] Converting map!
2014-03-29 14:02:24 [SERVER] [INFO] Scanning folders...
2014-03-29 14:02:24 [SERVER] [INFO] Total conversion count is 0
2014-03-29 14:02:25 [SERVER] [INFO] Preparing start region for level 0
2014-03-29 14:02:26 [SERVER] [INFO] Preparing spawn area: 4%
2014-03-29 14:02:27 [SERVER] [INFO] Preparing spawn area: 8%
2014-03-29 14:02:28 [SERVER] [INFO] Preparing spawn area: 14%
2014-03-29 14:02:29 [SERVER] [INFO] Preparing spawn area: 25%
2014-03-29 14:02:30 [SERVER] [INFO] Preparing spawn area: 37%
2014-03-29 14:02:31 [SERVER] [INFO] Preparing spawn area: 47%
2014-03-29 14:02:32 [SERVER] [INFO] Preparing spawn area: 60%
2014-03-29 14:02:33 [SERVER] [INFO] Preparing spawn area: 70%
2014-03-29 14:02:34 [SERVER] [INFO] Preparing spawn area: 82%
2014-03-29 14:02:35 [SERVER] [INFO] Preparing spawn area: 90%
2014-03-29 14:02:36 [SERVER] [INFO] Preparing spawn area: 99%
2014-03-29 14:02:36 [SERVER] [INFO] Player25[/127.0.0.1:0] logged in with entity id 187 at (-188.5, 73.0, 56.5)
2014-03-29 14:02:36 [SERVER] [INFO] Player25 joined the game
2014-03-29 14:02:40 [SERVER] [WARNING] Can't keep up! Did the system time change, or is the server overloaded?
2014-03-29 14:04:30 [SERVER] [INFO] Saving and pausing game...
2014-03-29 14:04:30 [SERVER] [INFO] Saving chunks for level 'New World'/Overworld
2014-03-29 14:04:30 [SERVER] [INFO] Saving chunks for level 'New World'/Nether
2014-03-29 14:04:30 [SERVER] [INFO] Saving chunks for level 'New World'/The End
2014-03-29 14:04:40 [SERVER] [INFO] Saving and pausing game...
2014-03-29 14:04:40 [SERVER] [INFO] Saving chunks for level 'New World'/Overworld
2014-03-29 14:04:40 [SERVER] [INFO] Saving chunks for level 'New World'/Nether
2014-03-29 14:04:40 [SERVER] [INFO] Saving chunks for level 'New World'/The End
2014-03-29 14:04:49 [SERVER] [INFO] Saving and pausing game...
2014-03-29 14:04:49 [SERVER] [INFO] Saving chunks for level 'New World'/Overworld
2014-03-29 14:04:49 [SERVER] [INFO] Saving chunks for level 'New World'/Nether
2014-03-29 14:04:49 [SERVER] [INFO] Saving chunks for level 'New World'/The End
2014-03-29 14:04:53 [SERVER] [INFO] Stopping server
2014-03-29 14:04:53 [SERVER] [INFO] Saving players
2014-03-29 14:04:53 [SERVER] [INFO] Player25 left the game
2014-03-29 14:04:53 [SERVER] [INFO] Saving worlds
2014-03-29 14:04:53 [SERVER] [INFO] Saving chunks for level 'New World'/Overworld
2014-03-29 14:04:53 [SERVER] [INFO] Saving chunks for level 'New World'/Nether
2014-03-29 14:04:53 [SERVER] [INFO] Saving chunks for level 'New World'/The End
2014-03-29 14:17:03 [SERVER] [INFO] Starting integrated minecraft server version 1.6.4
2014-03-29 14:17:03 [SERVER] [INFO] Generating keypair
2014-03-29 14:17:04 [SERVER] [INFO] Converting map!
2014-03-29 14:17:04 [SERVER] [INFO] Scanning folders...
2014-03-29 14:17:04 [SERVER] [INFO] Total conversion count is 0
2014-03-29 14:17:04 [SERVER] [INFO] Preparing start region for level 0
2014-03-29 14:17:05 [SERVER] [INFO] Preparing spawn area: 7%
2014-03-29 14:17:06 [SERVER] [INFO] Preparing spawn area: 13%
2014-03-29 14:17:07 [SERVER] [INFO] Preparing spawn area: 26%
2014-03-29 14:17:08 [SERVER] [INFO] Preparing spawn area: 36%
2014-03-29 14:17:09 [SERVER] [INFO] Preparing spawn area: 46%
2014-03-29 14:17:10 [SERVER] [INFO] Preparing spawn area: 57%
2014-03-29 14:17:11 [SERVER] [INFO] Preparing spawn area: 68%
2014-03-29 14:17:12 [SERVER] [INFO] Preparing spawn area: 85%
2014-03-29 14:17:13 [SERVER] [INFO] Player569[/127.0.0.1:0] logged in with entity id 68 at (-49.5, 57.0, 127.5)
2014-03-29 14:17:13 [SERVER] [INFO] Player569 joined the game
2014-03-29 14:17:17 [SERVER] [WARNING] Can't keep up! Did the system time change, or is the server overloaded?
2014-03-29 14:19:49 [SERVER] [INFO] Saving and pausing game...
2014-03-29 14:19:49 [SERVER] [INFO] Saving chunks for level 'Canopy'/Overworld
2014-03-29 14:19:49 [SERVER] [INFO] Saving chunks for level 'Canopy'/Nether
2014-03-29 14:19:49 [SERVER] [INFO] Saving chunks for level 'Canopy'/The End
2014-03-29 14:20:31 [SERVER] [INFO] [Player569: Given Speed (ID 1) * 200 to Player569 for 200 seconds]
2014-03-29 14:21:32 [SERVER] [WARNING] Can't keep up! Did the system time change, or is the server overloaded?
2014-03-29 14:21:50 [SERVER] [WARNING] Can't keep up! Did the system time change, or is the server overloaded?
2014-03-29 14:24:02 [SERVER] [WARNING] Can't keep up! Did the system time change, or is the server overloaded?
2014-03-29 14:27:14 [SERVER] [INFO] [Player569: Set the time to 0]
2014-03-29 14:27:28 [SERVER] [INFO] [Player569: Set the time to 6000]
2014-03-29 14:27:57 [SERVER] [INFO] Saving and pausing game...
2014-03-29 14:27:57 [SERVER] [INFO] Saving chunks for level 'Canopy'/Overworld
2014-03-29 14:27:57 [SERVER] [INFO] Saving chunks for level 'Canopy'/Nether
2014-03-29 14:27:57 [SERVER] [INFO] Saving chunks for level 'Canopy'/The End
2014-03-29 14:31:30 [SERVER] [INFO] Stopping server
2014-03-29 14:31:30 [SERVER] [INFO] Saving players
2014-03-29 14:31:30 [SERVER] [INFO] Player569 left the game
2014-03-29 14:31:30 [SERVER] [INFO] Saving worlds
2014-03-29 14:31:30 [SERVER] [INFO] Saving chunks for level 'Canopy'/Overworld
2014-03-29 14:31:31 [SERVER] [INFO] Saving chunks for level 'Canopy'/Nether
2014-03-29 14:31:31 [SERVER] [INFO] Saving chunks for level 'Canopy'/The End
2014-03-29 14:31:31 [SERVER] [INFO] Stopping server
2014-03-29 14:31:31 [SERVER] [INFO] Saving players
